<?xml version="1.0" encoding="UTF-8"?>
<testsuite name="HuffmanTreeTest" tests="1" skipped="0" failures="0" errors="0" timestamp="2017-03-12T09:06:39" hostname="Enrico" time="0.008">
  <properties/>
  <testcase name="compressionDecompressionTest" classname="HuffmanTreeTest" time="0.008"/>
  <system-out><![CDATA[jeff_is_awesome
]]></system-out>
  <system-err><![CDATA[]]></system-err>
</testsuite>
