<?xml version="1.0" encoding="UTF-8"?>
<testsuite name="HuffmanNodeTest" tests="2" skipped="0" failures="0" errors="0" timestamp="2017-03-12T09:06:39" hostname="Enrico" time="0.0">
  <properties/>
  <testcase name="nodeCreationTest" classname="HuffmanNodeTest" time="0.0"/>
  <testcase name="rootCreationTest" classname="HuffmanNodeTest" time="0.0"/>
  <system-out><![CDATA[]]></system-out>
  <system-err><![CDATA[]]></system-err>
</testsuite>
